<?xml version="1.0" encoding="UTF-8"?>
<!-- Generated by org.testng.reporters.JUnitXMLReporter -->
<testsuite ignored="0" hostname="Gyaneshs-MacBook-Pro.local" failures="0" tests="3" name="Default test" time="17.456" errors="0" timestamp="2025-09-10T13:21:36 IST">
  <testcase classname="test.LoginTest" name="urlTest" time="0.028"/>
  <testcase classname="test.LoginTest" name="titleTest" time="0.006"/>
  <testcase classname="test.LoginTest" name="loginTest" time="6.059"/>
</testsuite> <!-- Default test -->
