<?xml version="1.0" encoding="UTF-8"?>
<!-- Generated by org.testng.reporters.JUnitXMLReporter -->
<testsuite ignored="0" hostname="Gyaneshs-MacBook-Pro.local" failures="0" tests="3" name="Chrome Test" time="10.374" errors="0" timestamp="2025-09-10T13:21:52 IST">
  <testcase classname="test.LoginTest" name="urlTest" time="4.473"/>
  <testcase classname="test.LoginTest" name="titleTest" time="0.007"/>
  <testcase classname="test.LoginTest" name="loginTest" time="2.785"/>
</testsuite> <!-- Chrome Test -->
