<?xml version="1.0" encoding="UTF-8"?>
<!-- Generated by org.testng.reporters.JUnitXMLReporter -->
<testsuite ignored="1" hostname="Gyaneshs-MacBook-Pro.local" failures="0" tests="4" name="Chrome Test" time="18.701" errors="0" timestamp="2025-09-10T19:06:50 IST">
  <testcase classname="test.LoginTest" name="urlTest" time="0.039"/>
  <testcase classname="test.LoginTest" name="titleTest" time="0.007"/>
  <testcase classname="test.LoginTest" name="loginTest" time="2.636"/>
  <testcase classname="test.DashBoardTest" name="verifyLogout" time="3.749"/>
  <testcase classname="base.BasePage" name="@BeforeSuite beforeSuite" time="0.0">
    <ignored/>
  </testcase> <!-- @BeforeSuite beforeSuite -->
</testsuite> <!-- Chrome Test -->
