<?xml version="1.0" encoding="UTF-8"?>
<!-- Generated by org.testng.reporters.JUnitXMLReporter -->
<testsuite ignored="1" hostname="Gyaneshs-MacBook-Pro.local" failures="0" tests="4" name="Firefox Test" time="26.276" errors="0" timestamp="2025-09-10T19:07:17 IST">
  <testcase classname="test.LoginTest" name="urlTest" time="0.011"/>
  <testcase classname="test.LoginTest" name="titleTest" time="0.009"/>
  <testcase classname="test.LoginTest" name="loginTest" time="5.715"/>
  <testcase classname="test.DashBoardTest" name="verifyLogout" time="2.362"/>
  <testcase classname="base.BasePage" name="@BeforeSuite beforeSuite" time="0.0">
    <ignored/>
  </testcase> <!-- @BeforeSuite beforeSuite -->
</testsuite> <!-- Firefox Test -->
