<?xml version="1.0" encoding="UTF-8"?>
<!-- Generated by org.testng.reporters.JUnitXMLReporter -->
<testsuite ignored="0" hostname="Gyaneshs-MacBook-Pro.local" failures="0" tests="3" name="Safari Test" time="24.817" errors="0" timestamp="2025-09-10T13:09:05 IST">
  <testcase classname="test.LoginTest" name="urlTest" time="0.043"/>
  <testcase classname="test.LoginTest" name="titleTest" time="0.023"/>
  <testcase classname="test.LoginTest" name="loginTest" time="4.791"/>
</testsuite> <!-- Safari Test -->
