<?xml version="1.0" encoding="UTF-8"?>
<!-- Generated by org.testng.reporters.JUnitXMLReporter -->
<testsuite ignored="0" hostname="Gyaneshs-MacBook-Pro.local" failures="1" tests="6" name="Test" time="10.421" errors="0" timestamp="2025-09-10T10:49:11 IST">
  <testcase classname="test.LoginTest" name="urlTest" time="0.029"/>
  <testcase classname="test.LoginTest" name="titleTest" time="0.01">
    <skipped/>
  </testcase> <!-- titleTest -->
  <testcase classname="test.LoginTest" name="titleTest" time="0.007">
    <skipped/>
  </testcase> <!-- titleTest -->
  <testcase classname="test.LoginTest" name="titleTest" time="0.007">
    <skipped/>
  </testcase> <!-- titleTest -->
  <testcase classname="test.LoginTest" name="titleTest" time="0.009">
    <failure type="java.lang.AssertionError" message="expected [OrangeHRM1] but found [OrangeHRM]">
      <![CDATA[java.lang.AssertionError: expected [OrangeHRM1] but found [OrangeHRM]
at test.LoginTest.titleTest(LoginTest.java:44)
at java.base/java.util.ArrayList.forEach(ArrayList.java:1511)
... Removed 33 stack frames]]>
    </failure>
  </testcase> <!-- titleTest -->
  <testcase classname="test.LoginTest" name="loginTest" time="2.047"/>
</testsuite> <!-- Test -->
