<?xml version="1.0" encoding="UTF-8"?>
<testng-results ignored="0" total="3" passed="3" failed="0" skipped="0">
  <reporter-output>
  </reporter-output>
  <suite started-at="2025-09-10T13:21:19 IST" name="Default suite" finished-at="2025-09-10T13:21:36 IST" duration-ms="17456">
    <groups>
    </groups>
    <test started-at="2025-09-10T13:21:19 IST" name="Default test" finished-at="2025-09-10T13:21:36 IST" duration-ms="17456">
      <class name="test.LoginTest">
        <test-method is-config="true" signature="beforeSuite()[pri:0, instance:test.LoginTest@2de56eb2]" started-at="2025-09-10T13:21:19 IST" name="beforeSuite" finished-at="2025-09-10T13:21:19 IST" duration-ms="10" status="PASS">
          <reporter-output>
          </reporter-output>
        </test-method> <!-- beforeSuite -->
        <test-method is-config="true" signature="setUp(java.lang.String)[pri:0, instance:test.LoginTest@2de56eb2]" started-at="2025-09-10T13:21:19 IST" name="setUp" finished-at="2025-09-10T13:21:30 IST" duration-ms="11171" status="PASS">
          <params>
            <param index="0">
              <value>
                <![CDATA[chrome]]>
              </value>
            </param>
          </params>
          <reporter-output>
          </reporter-output>
        </test-method> <!-- setUp -->
        <test-method signature="urlTest()[pri:1, instance:test.LoginTest@2de56eb2]" started-at="2025-09-10T13:21:30 IST" name="urlTest" finished-at="2025-09-10T13:21:30 IST" duration-ms="28" status="PASS">
          <reporter-output>
          </reporter-output>
        </test-method> <!-- urlTest -->
        <test-method is-config="true" signature="captureFailureScreenshot(org.testng.ITestResult)[pri:0, instance:test.LoginTest@2de56eb2]" started-at="2025-09-10T13:21:30 IST" name="captureFailureScreenshot" finished-at="2025-09-10T13:21:30 IST" duration-ms="1" status="PASS">
          <params>
            <param index="0">
              <value>
                <![CDATA[[TestResult name=urlTest status=SUCCESS method=LoginTest.urlTest()[pri:1, instance:test.LoginTest@2de56eb2] output={null}]]]>
              </value>
            </param>
          </params>
          <reporter-output>
          </reporter-output>
        </test-method> <!-- captureFailureScreenshot -->
        <test-method signature="titleTest()[pri:2, instance:test.LoginTest@2de56eb2]" started-at="2025-09-10T13:21:30 IST" name="titleTest" finished-at="2025-09-10T13:21:30 IST" duration-ms="6" status="PASS">
          <reporter-output>
          </reporter-output>
        </test-method> <!-- titleTest -->
        <test-method is-config="true" signature="captureFailureScreenshot(org.testng.ITestResult)[pri:0, instance:test.LoginTest@2de56eb2]" started-at="2025-09-10T13:21:30 IST" name="captureFailureScreenshot" finished-at="2025-09-10T13:21:30 IST" duration-ms="0" status="PASS">
          <params>
            <param index="0">
              <value>
                <![CDATA[[TestResult name=titleTest status=SUCCESS method=LoginTest.titleTest()[pri:2, instance:test.LoginTest@2de56eb2] output={null}]]]>
              </value>
            </param>
          </params>
          <reporter-output>
          </reporter-output>
        </test-method> <!-- captureFailureScreenshot -->
        <test-method signature="loginTest()[pri:3, instance:test.LoginTest@2de56eb2]" started-at="2025-09-10T13:21:30 IST" name="loginTest" finished-at="2025-09-10T13:21:36 IST" duration-ms="6059" status="PASS">
          <reporter-output>
          </reporter-output>
        </test-method> <!-- loginTest -->
        <test-method is-config="true" signature="captureFailureScreenshot(org.testng.ITestResult)[pri:0, instance:test.LoginTest@2de56eb2]" started-at="2025-09-10T13:21:36 IST" name="captureFailureScreenshot" finished-at="2025-09-10T13:21:36 IST" duration-ms="1" status="PASS">
          <params>
            <param index="0">
              <value>
                <![CDATA[[TestResult name=loginTest status=SUCCESS method=LoginTest.loginTest()[pri:3, instance:test.LoginTest@2de56eb2] output={null}]]]>
              </value>
            </param>
          </params>
          <reporter-output>
          </reporter-output>
        </test-method> <!-- captureFailureScreenshot -->
        <test-method is-config="true" signature="tearDown()[pri:0, instance:test.LoginTest@2de56eb2]" started-at="2025-09-10T13:21:36 IST" name="tearDown" finished-at="2025-09-10T13:21:36 IST" duration-ms="108" status="PASS">
          <reporter-output>
          </reporter-output>
        </test-method> <!-- tearDown -->
      </class> <!-- test.LoginTest -->
    </test> <!-- Default test -->
  </suite> <!-- Default suite -->
</testng-results>
